<?xml version="1.0" encoding="UTF-8"?>
<beans xmlns="http://www.springframework.org/schema/beans"
       xmlns:context="http://www.springframework.org/schema/context"
       xmlns:mvc="http://www.springframework.org/schema/mvc"
       xmlns:xsi="http://www.w3.org/2001/XMLSchema-instance"
       xsi:schemaLocation="http://www.springframework.org/schema/beans http://www.springframework.org/schema/beans/spring-beans.xsd http://www.springframework.org/schema/context http://www.springframework.org/schema/context/spring-context.xsd">

    <context:component-scan base-package="com.ivandanylov.movieland">
        <context:exclude-filter type="annotation" expression="org.springframework.stereotype.Repository" />
    </context:component-scan>
    <!--<mvc:annotation-driven/>-->

    <!--<bean id="movieRowWrapper" class="org.mockito.Mockito" factory-method="mock">-->
        <!--<constructor-arg value="com.ivandanylov.movieland.dao.jdbc.mapper.MovieRowMapper"/>-->
    <!--</bean>-->

    <bean id="movieDao" class="org.mockito.Mockito" factory-method="mock">
        <constructor-arg value="com.ivandanylov.movieland.dao.jdbc.JdbcMovieDao"/>
    </bean>

    <bean id="movieService" class="org.mockito.Mockito" factory-method="mock">
        <constructor-arg value="com.ivandanylov.movieland.service.impl.DefaultMovieService"/>
    </bean>
</beans>